{"C:\\Users\\Rafael\\OneDrive\\Documentos\\P.I Equipe 4\\P.I-Equipe-4\\pi4\\app.js": {"path":"C:\\Users\\Rafael\\OneDrive\\Documentos\\P.I Equipe 4\\P.I-Equipe-4\\pi4\\app.js","statementMap":{"0":{"start":{"line":1,"column":18},"end":{"line":1,"column":40}},"1":{"start":{"line":2,"column":14},"end":{"line":2,"column":32}},"2":{"start":{"line":3,"column":11},"end":{"line":3,"column":26}},"3":{"start":{"line":4,"column":19},"end":{"line":4,"column":43}},"4":{"start":{"line":5,"column":13},"end":{"line":5,"column":30}},"5":{"start":{"line":6,"column":16},"end":{"line":6,"column":42}},"6":{"start":{"line":7,"column":11},"end":{"line":7,"column":24}},"7":{"start":{"line":11,"column":18},"end":{"line":11,"column":43}},"8":{"start":{"line":12,"column":12},"end":{"line":12,"column":37}},"9":{"start":{"line":13,"column":15},"end":{"line":13,"column":43}},"10":{"start":{"line":15,"column":10},"end":{"line":15,"column":19}},"11":{"start":{"line":18,"column":0},"end":{"line":18,"column":48}},"12":{"start":{"line":19,"column":0},"end":{"line":19,"column":30}},"13":{"start":{"line":21,"column":0},"end":{"line":21,"column":23}},"14":{"start":{"line":22,"column":0},"end":{"line":22,"column":24}},"15":{"start":{"line":23,"column":0},"end":{"line":23,"column":49}},"16":{"start":{"line":24,"column":0},"end":{"line":24,"column":24}},"17":{"start":{"line":25,"column":0},"end":{"line":25,"column":56}},"18":{"start":{"line":26,"column":0},"end":{"line":33,"column":4}},"19":{"start":{"line":34,"column":0},"end":{"line":34,"column":23}},"20":{"start":{"line":38,"column":0},"end":{"line":38,"column":26}},"21":{"start":{"line":39,"column":0},"end":{"line":39,"column":25}},"22":{"start":{"line":40,"column":0},"end":{"line":40,"column":30}},"23":{"start":{"line":43,"column":0},"end":{"line":45,"column":3}},"24":{"start":{"line":44,"column":2},"end":{"line":44,"column":25}},"25":{"start":{"line":48,"column":0},"end":{"line":56,"column":3}},"26":{"start":{"line":50,"column":2},"end":{"line":50,"column":35}},"27":{"start":{"line":51,"column":2},"end":{"line":51,"column":69}},"28":{"start":{"line":54,"column":2},"end":{"line":54,"column":32}},"29":{"start":{"line":55,"column":2},"end":{"line":55,"column":22}},"30":{"start":{"line":58,"column":0},"end":{"line":58,"column":21}}},"fnMap":{"0":{"name":"(anonymous_0)","decl":{"start":{"line":43,"column":8},"end":{"line":43,"column":9}},"loc":{"start":{"line":43,"column":33},"end":{"line":45,"column":1}},"line":43},"1":{"name":"(anonymous_1)","decl":{"start":{"line":48,"column":8},"end":{"line":48,"column":9}},"loc":{"start":{"line":48,"column":38},"end":{"line":56,"column":1}},"line":48}},"branchMap":{"0":{"loc":{"start":{"line":51,"column":21},"end":{"line":51,"column":68}},"type":"cond-expr","locations":[{"start":{"line":51,"column":60},"end":{"line":51,"column":63}},{"start":{"line":51,"column":66},"end":{"line":51,"column":68}}],"line":51},"1":{"loc":{"start":{"line":54,"column":13},"end":{"line":54,"column":30}},"type":"binary-expr","locations":[{"start":{"line":54,"column":13},"end":{"line":54,"column":23}},{"start":{"line":54,"column":27},"end":{"line":54,"column":30}}],"line":54}},"s":{"0":2,"1":2,"2":2,"3":2,"4":2,"5":2,"6":2,"7":2,"8":2,"9":2,"10":2,"11":2,"12":2,"13":2,"14":2,"15":2,"16":2,"17":2,"18":2,"19":2,"20":2,"21":2,"22":2,"23":2,"24":0,"25":2,"26":0,"27":0,"28":0,"29":0,"30":2},"f":{"0":0,"1":0},"b":{"0":[0,0],"1":[0,0]},"_coverageSchema":"1a1c01bbd47fc00a2c39e90264f33305004495a9","hash":"20e3f5999ecb67777346de82b5119aecff31f292"}
,"C:\\Users\\Rafael\\OneDrive\\Documentos\\P.I Equipe 4\\P.I-Equipe-4\\pi4\\controller\\indexController.js": {"path":"C:\\Users\\Rafael\\OneDrive\\Documentos\\P.I Equipe 4\\P.I-Equipe-4\\pi4\\controller\\indexController.js","statementMap":{"0":{"start":{"line":1,"column":15},"end":{"line":1,"column":49}},"1":{"start":{"line":3,"column":24},"end":{"line":7,"column":1}},"2":{"start":{"line":5,"column":8},"end":{"line":5,"column":52}},"3":{"start":{"line":9,"column":0},"end":{"line":9,"column":32}}},"fnMap":{"0":{"name":"(anonymous_0)","decl":{"start":{"line":4,"column":10},"end":{"line":4,"column":11}},"loc":{"start":{"line":4,"column":24},"end":{"line":6,"column":5}},"line":4}},"branchMap":{},"s":{"0":2,"1":2,"2":1,"3":2},"f":{"0":1},"b":{},"_coverageSchema":"1a1c01bbd47fc00a2c39e90264f33305004495a9","hash":"99398dd06c87c257a4bc56541f67553076bb9383"}
,"C:\\Users\\Rafael\\OneDrive\\Documentos\\P.I Equipe 4\\P.I-Equipe-4\\pi4\\controller\\produtosController.js": {"path":"C:\\Users\\Rafael\\OneDrive\\Documentos\\P.I Equipe 4\\P.I-Equipe-4\\pi4\\controller\\produtosController.js","statementMap":{"0":{"start":{"line":1,"column":17},"end":{"line":1,"column":51}},"1":{"start":{"line":2,"column":18},"end":{"line":2,"column":38}},"2":{"start":{"line":4,"column":27},"end":{"line":25,"column":1}},"3":{"start":{"line":6,"column":76},"end":{"line":6,"column":84}},"4":{"start":{"line":8,"column":24},"end":{"line":15,"column":10}},"5":{"start":{"line":17,"column":8},"end":{"line":20,"column":10}},"6":{"start":{"line":23,"column":8},"end":{"line":23,"column":58}},"7":{"start":{"line":27,"column":0},"end":{"line":27,"column":35}}},"fnMap":{"0":{"name":"(anonymous_0)","decl":{"start":{"line":5,"column":17},"end":{"line":5,"column":18}},"loc":{"start":{"line":5,"column":42},"end":{"line":21,"column":5}},"line":5},"1":{"name":"(anonymous_1)","decl":{"start":{"line":22,"column":20},"end":{"line":22,"column":21}},"loc":{"start":{"line":22,"column":34},"end":{"line":24,"column":5}},"line":22}},"branchMap":{},"s":{"0":2,"1":2,"2":2,"3":1,"4":1,"5":1,"6":1,"7":2},"f":{"0":1,"1":1},"b":{},"_coverageSchema":"1a1c01bbd47fc00a2c39e90264f33305004495a9","hash":"ceed90e210cfba41f6e5cac7deb983f414d7cf05"}
,"C:\\Users\\Rafael\\OneDrive\\Documentos\\P.I Equipe 4\\P.I-Equipe-4\\pi4\\controller\\usuariosController.js": {"path":"C:\\Users\\Rafael\\OneDrive\\Documentos\\P.I Equipe 4\\P.I-Equipe-4\\pi4\\controller\\usuariosController.js","statementMap":{"0":{"start":{"line":1,"column":31},"end":{"line":1,"column":51}},"1":{"start":{"line":2,"column":15},"end":{"line":2,"column":32}},"2":{"start":{"line":3,"column":27},"end":{"line":3,"column":70}},"3":{"start":{"line":6,"column":27},"end":{"line":58,"column":1}},"4":{"start":{"line":8,"column":8},"end":{"line":8,"column":27}},"5":{"start":{"line":11,"column":30},"end":{"line":11,"column":38}},"6":{"start":{"line":12,"column":24},"end":{"line":16,"column":10}},"7":{"start":{"line":17,"column":28},"end":{"line":17,"column":70}},"8":{"start":{"line":18,"column":8},"end":{"line":24,"column":9}},"9":{"start":{"line":19,"column":12},"end":{"line":19,"column":30}},"10":{"start":{"line":20,"column":12},"end":{"line":23,"column":14}},"11":{"start":{"line":27,"column":8},"end":{"line":27,"column":30}},"12":{"start":{"line":30,"column":31},"end":{"line":30,"column":39}},"13":{"start":{"line":31,"column":24},"end":{"line":31,"column":52}},"14":{"start":{"line":32,"column":31},"end":{"line":36,"column":10}},"15":{"start":{"line":37,"column":8},"end":{"line":53,"column":9}},"16":{"start":{"line":38,"column":28},"end":{"line":41,"column":14}},"17":{"start":{"line":43,"column":12},"end":{"line":47,"column":14}},"18":{"start":{"line":49,"column":12},"end":{"line":52,"column":14}},"19":{"start":{"line":56,"column":8},"end":{"line":56,"column":31}},"20":{"start":{"line":60,"column":0},"end":{"line":60,"column":35}}},"fnMap":{"0":{"name":"(anonymous_0)","decl":{"start":{"line":7,"column":11},"end":{"line":7,"column":12}},"loc":{"start":{"line":7,"column":25},"end":{"line":9,"column":5}},"line":7},"1":{"name":"(anonymous_1)","decl":{"start":{"line":10,"column":35},"end":{"line":10,"column":36}},"loc":{"start":{"line":10,"column":60},"end":{"line":25,"column":5}},"line":10},"2":{"name":"(anonymous_2)","decl":{"start":{"line":26,"column":14},"end":{"line":26,"column":15}},"loc":{"start":{"line":26,"column":28},"end":{"line":28,"column":5}},"line":26},"3":{"name":"(anonymous_3)","decl":{"start":{"line":29,"column":37},"end":{"line":29,"column":38}},"loc":{"start":{"line":29,"column":57},"end":{"line":54,"column":5}},"line":29},"4":{"name":"(anonymous_4)","decl":{"start":{"line":55,"column":15},"end":{"line":55,"column":16}},"loc":{"start":{"line":55,"column":29},"end":{"line":57,"column":5}},"line":55}},"branchMap":{"0":{"loc":{"start":{"line":18,"column":8},"end":{"line":24,"column":9}},"type":"if","locations":[{"start":{"line":18,"column":8},"end":{"line":24,"column":9}},{"start":{},"end":{}}],"line":18},"1":{"loc":{"start":{"line":37,"column":8},"end":{"line":53,"column":9}},"type":"if","locations":[{"start":{"line":37,"column":8},"end":{"line":53,"column":9}},{"start":{"line":48,"column":13},"end":{"line":53,"column":9}}],"line":37}},"s":{"0":2,"1":2,"2":2,"3":2,"4":0,"5":1,"6":1,"7":1,"8":1,"9":1,"10":1,"11":0,"12":1,"13":1,"14":1,"15":1,"16":1,"17":1,"18":0,"19":0,"20":2},"f":{"0":0,"1":1,"2":0,"3":1,"4":0},"b":{"0":[1,0],"1":[1,0]},"_coverageSchema":"1a1c01bbd47fc00a2c39e90264f33305004495a9","hash":"1c10fd739090e5505f5b66c6f41f14ea3d93a519"}
,"C:\\Users\\Rafael\\OneDrive\\Documentos\\P.I Equipe 4\\P.I-Equipe-4\\pi4\\middleware\\capturarErrosAsync.js": {"path":"C:\\Users\\Rafael\\OneDrive\\Documentos\\P.I Equipe 4\\P.I-Equipe-4\\pi4\\middleware\\capturarErrosAsync.js","statementMap":{"0":{"start":{"line":1,"column":0},"end":{"line":4,"column":16}},"1":{"start":{"line":1,"column":25},"end":{"line":4,"column":16}},"2":{"start":{"line":2,"column":4},"end":{"line":4,"column":16}}},"fnMap":{"0":{"name":"(anonymous_0)","decl":{"start":{"line":1,"column":17},"end":{"line":1,"column":18}},"loc":{"start":{"line":1,"column":25},"end":{"line":4,"column":16}},"line":1},"1":{"name":"(anonymous_1)","decl":{"start":{"line":1,"column":25},"end":{"line":1,"column":26}},"loc":{"start":{"line":2,"column":4},"end":{"line":4,"column":16}},"line":2}},"branchMap":{},"s":{"0":2,"1":4,"2":2},"f":{"0":4,"1":2},"b":{},"_coverageSchema":"1a1c01bbd47fc00a2c39e90264f33305004495a9","hash":"0975c43e9407446c51f13014dbee8b9417626185"}
,"C:\\Users\\Rafael\\OneDrive\\Documentos\\P.I Equipe 4\\P.I-Equipe-4\\pi4\\models\\Produto.js": {"path":"C:\\Users\\Rafael\\OneDrive\\Documentos\\P.I Equipe 4\\P.I-Equipe-4\\pi4\\models\\Produto.js","statementMap":{"0":{"start":{"line":1,"column":0},"end":{"line":21,"column":1}},"1":{"start":{"line":2,"column":20},"end":{"line":18,"column":6}},"2":{"start":{"line":20,"column":4},"end":{"line":20,"column":18}}},"fnMap":{"0":{"name":"(anonymous_0)","decl":{"start":{"line":1,"column":17},"end":{"line":1,"column":18}},"loc":{"start":{"line":1,"column":43},"end":{"line":21,"column":1}},"line":1}},"branchMap":{},"s":{"0":2,"1":2,"2":2},"f":{"0":2},"b":{},"_coverageSchema":"1a1c01bbd47fc00a2c39e90264f33305004495a9","hash":"2444d20f42f1184dc25b96fec4ff21cd04bbb014"}
,"C:\\Users\\Rafael\\OneDrive\\Documentos\\P.I Equipe 4\\P.I-Equipe-4\\pi4\\models\\Usuario.js": {"path":"C:\\Users\\Rafael\\OneDrive\\Documentos\\P.I Equipe 4\\P.I-Equipe-4\\pi4\\models\\Usuario.js","statementMap":{"0":{"start":{"line":1,"column":0},"end":{"line":19,"column":1}},"1":{"start":{"line":2,"column":20},"end":{"line":16,"column":6}},"2":{"start":{"line":18,"column":4},"end":{"line":18,"column":18}}},"fnMap":{"0":{"name":"(anonymous_0)","decl":{"start":{"line":1,"column":17},"end":{"line":1,"column":18}},"loc":{"start":{"line":1,"column":43},"end":{"line":19,"column":1}},"line":1}},"branchMap":{},"s":{"0":2,"1":2,"2":2},"f":{"0":2},"b":{},"_coverageSchema":"1a1c01bbd47fc00a2c39e90264f33305004495a9","hash":"c6c1780566617a59c14b3ba16ef44a456f6189b5"}
,"C:\\Users\\Rafael\\OneDrive\\Documentos\\P.I Equipe 4\\P.I-Equipe-4\\pi4\\models\\index.js": {"path":"C:\\Users\\Rafael\\OneDrive\\Documentos\\P.I Equipe 4\\P.I-Equipe-4\\pi4\\models\\index.js","statementMap":{"0":{"start":{"line":3,"column":11},"end":{"line":3,"column":24}},"1":{"start":{"line":4,"column":13},"end":{"line":4,"column":28}},"2":{"start":{"line":5,"column":18},"end":{"line":5,"column":38}},"3":{"start":{"line":6,"column":17},"end":{"line":6,"column":42}},"4":{"start":{"line":7,"column":12},"end":{"line":7,"column":49}},"5":{"start":{"line":8,"column":15},"end":{"line":8,"column":65}},"6":{"start":{"line":9,"column":11},"end":{"line":9,"column":13}},"7":{"start":{"line":12,"column":0},"end":{"line":16,"column":1}},"8":{"start":{"line":13,"column":2},"end":{"line":13,"column":74}},"9":{"start":{"line":15,"column":2},"end":{"line":15,"column":87}},"10":{"start":{"line":18,"column":0},"end":{"line":26,"column":5}},"11":{"start":{"line":21,"column":4},"end":{"line":21,"column":90}},"12":{"start":{"line":24,"column":18},"end":{"line":24,"column":85}},"13":{"start":{"line":25,"column":4},"end":{"line":25,"column":27}},"14":{"start":{"line":28,"column":0},"end":{"line":32,"column":3}},"15":{"start":{"line":29,"column":2},"end":{"line":31,"column":3}},"16":{"start":{"line":30,"column":4},"end":{"line":30,"column":32}},"17":{"start":{"line":34,"column":0},"end":{"line":34,"column":25}},"18":{"start":{"line":35,"column":0},"end":{"line":35,"column":25}},"19":{"start":{"line":37,"column":0},"end":{"line":37,"column":20}}},"fnMap":{"0":{"name":"(anonymous_0)","decl":{"start":{"line":20,"column":10},"end":{"line":20,"column":11}},"loc":{"start":{"line":20,"column":18},"end":{"line":22,"column":3}},"line":20},"1":{"name":"(anonymous_1)","decl":{"start":{"line":23,"column":11},"end":{"line":23,"column":12}},"loc":{"start":{"line":23,"column":19},"end":{"line":26,"column":3}},"line":23},"2":{"name":"(anonymous_2)","decl":{"start":{"line":28,"column":24},"end":{"line":28,"column":25}},"loc":{"start":{"line":28,"column":37},"end":{"line":32,"column":1}},"line":28}},"branchMap":{"0":{"loc":{"start":{"line":7,"column":12},"end":{"line":7,"column":49}},"type":"binary-expr","locations":[{"start":{"line":7,"column":12},"end":{"line":7,"column":32}},{"start":{"line":7,"column":36},"end":{"line":7,"column":49}}],"line":7},"1":{"loc":{"start":{"line":12,"column":0},"end":{"line":16,"column":1}},"type":"if","locations":[{"start":{"line":12,"column":0},"end":{"line":16,"column":1}},{"start":{"line":14,"column":7},"end":{"line":16,"column":1}}],"line":12},"2":{"loc":{"start":{"line":21,"column":11},"end":{"line":21,"column":89}},"type":"binary-expr","locations":[{"start":{"line":21,"column":12},"end":{"line":21,"column":35}},{"start":{"line":21,"column":41},"end":{"line":21,"column":58}},{"start":{"line":21,"column":64},"end":{"line":21,"column":88}}],"line":21},"3":{"loc":{"start":{"line":29,"column":2},"end":{"line":31,"column":3}},"type":"if","locations":[{"start":{"line":29,"column":2},"end":{"line":31,"column":3}},{"start":{},"end":{}}],"line":29}},"s":{"0":2,"1":2,"2":2,"3":2,"4":2,"5":2,"6":2,"7":2,"8":0,"9":2,"10":2,"11":8,"12":4,"13":4,"14":2,"15":4,"16":0,"17":2,"18":2,"19":2},"f":{"0":8,"1":4,"2":4},"b":{"0":[2,0],"1":[0,2],"2":[8,8,6],"3":[0,4]},"_coverageSchema":"1a1c01bbd47fc00a2c39e90264f33305004495a9","hash":"4557ab083c4431a1ec62ac2d4ba868511594ceee"}
,"C:\\Users\\Rafael\\OneDrive\\Documentos\\P.I Equipe 4\\P.I-Equipe-4\\pi4\\routes\\index.js": {"path":"C:\\Users\\Rafael\\OneDrive\\Documentos\\P.I Equipe 4\\P.I-Equipe-4\\pi4\\routes\\index.js","statementMap":{"0":{"start":{"line":1,"column":14},"end":{"line":1,"column":32}},"1":{"start":{"line":2,"column":13},"end":{"line":2,"column":29}},"2":{"start":{"line":3,"column":22},"end":{"line":3,"column":62}},"3":{"start":{"line":6,"column":0},"end":{"line":6,"column":38}},"4":{"start":{"line":10,"column":0},"end":{"line":10,"column":24}}},"fnMap":{},"branchMap":{},"s":{"0":2,"1":2,"2":2,"3":2,"4":2},"f":{},"b":{},"_coverageSchema":"1a1c01bbd47fc00a2c39e90264f33305004495a9","hash":"18b3976519ba7fa907d0def584beec80e6c6a2dc"}
,"C:\\Users\\Rafael\\OneDrive\\Documentos\\P.I Equipe 4\\P.I-Equipe-4\\pi4\\routes\\produtos.js": {"path":"C:\\Users\\Rafael\\OneDrive\\Documentos\\P.I Equipe 4\\P.I-Equipe-4\\pi4\\routes\\produtos.js","statementMap":{"0":{"start":{"line":1,"column":16},"end":{"line":1,"column":34}},"1":{"start":{"line":2,"column":15},"end":{"line":2,"column":24}},"2":{"start":{"line":3,"column":27},"end":{"line":3,"column":70}},"3":{"start":{"line":5,"column":0},"end":{"line":5,"column":57}},"4":{"start":{"line":6,"column":0},"end":{"line":6,"column":52}},"5":{"start":{"line":8,"column":0},"end":{"line":8,"column":23}}},"fnMap":{},"branchMap":{},"s":{"0":2,"1":2,"2":2,"3":2,"4":2,"5":2},"f":{},"b":{},"_coverageSchema":"1a1c01bbd47fc00a2c39e90264f33305004495a9","hash":"b600a0a19dc125d71dcaf009f613c693e892a8cc"}
,"C:\\Users\\Rafael\\OneDrive\\Documentos\\P.I Equipe 4\\P.I-Equipe-4\\pi4\\routes\\users.js": {"path":"C:\\Users\\Rafael\\OneDrive\\Documentos\\P.I Equipe 4\\P.I-Equipe-4\\pi4\\routes\\users.js","statementMap":{"0":{"start":{"line":1,"column":14},"end":{"line":1,"column":32}},"1":{"start":{"line":2,"column":13},"end":{"line":2,"column":29}},"2":{"start":{"line":3,"column":25},"end":{"line":3,"column":68}},"3":{"start":{"line":8,"column":0},"end":{"line":8,"column":46}},"4":{"start":{"line":9,"column":0},"end":{"line":9,"column":51}},"5":{"start":{"line":13,"column":0},"end":{"line":13,"column":52}},"6":{"start":{"line":14,"column":0},"end":{"line":14,"column":57}},"7":{"start":{"line":16,"column":0},"end":{"line":16,"column":54}},"8":{"start":{"line":20,"column":0},"end":{"line":20,"column":24}}},"fnMap":{},"branchMap":{},"s":{"0":2,"1":2,"2":2,"3":2,"4":2,"5":2,"6":2,"7":2,"8":2},"f":{},"b":{},"_coverageSchema":"1a1c01bbd47fc00a2c39e90264f33305004495a9","hash":"f900e69b62de536c9c457ad24e20b5d96f9edc1e"}
}
